c:\users\matth\onedrive\documents\nyp\studio projects\y1s2\source\dm2122 prac\debug\vc142.pdb
c:\users\matth\onedrive\documents\nyp\studio projects\y1s2\source\dm2122 prac\debug\vc142.idb
c:\users\matth\onedrive\documents\nyp\studio projects\y1s2\source\dm2122 prac\debug\shader.obj
c:\users\matth\onedrive\documents\nyp\studio projects\y1s2\source\dm2122 prac\debug\testscene.obj
c:\users\matth\onedrive\documents\nyp\studio projects\y1s2\source\dm2122 prac\debug\optionmenu.obj
c:\users\matth\onedrive\documents\nyp\studio projects\y1s2\source\dm2122 prac\debug\entity.obj
c:\users\matth\onedrive\documents\nyp\studio projects\y1s2\source\dm2122 prac\debug\meshbuilder.obj
c:\users\matth\onedrive\documents\nyp\studio projects\y1s2\source\dm2122 prac\debug\mesh.obj
c:\users\matth\onedrive\documents\nyp\studio projects\y1s2\source\dm2122 prac\debug\main.obj
c:\users\matth\onedrive\documents\nyp\studio projects\y1s2\source\dm2122 prac\debug\loadtga.obj
c:\users\matth\onedrive\documents\nyp\studio projects\y1s2\source\dm2122 prac\debug\loadobj.obj
c:\users\matth\onedrive\documents\nyp\studio projects\y1s2\source\dm2122 prac\debug\statemanager.obj
c:\users\matth\onedrive\documents\nyp\studio projects\y1s2\source\dm2122 prac\debug\soundmanager.obj
c:\users\matth\onedrive\documents\nyp\studio projects\y1s2\source\dm2122 prac\debug\playername.obj
c:\users\matth\onedrive\documents\nyp\studio projects\y1s2\source\dm2122 prac\debug\player.obj
c:\users\matth\onedrive\documents\nyp\studio projects\y1s2\source\dm2122 prac\debug\physics.obj
c:\users\matth\onedrive\documents\nyp\studio projects\y1s2\source\dm2122 prac\debug\gamescene0.obj
c:\users\matth\onedrive\documents\nyp\studio projects\y1s2\source\dm2122 prac\debug\collision.obj
c:\users\matth\onedrive\documents\nyp\studio projects\y1s2\source\dm2122 prac\debug\chassis.obj
c:\users\matth\onedrive\documents\nyp\studio projects\y1s2\source\dm2122 prac\debug\camera.obj
c:\users\matth\onedrive\documents\nyp\studio projects\y1s2\source\dm2122 prac\debug\application.obj
c:\users\matth\onedrive\documents\nyp\studio projects\y1s2\source\dm2122 prac\debug\animate.obj
c:\users\matth\onedrive\documents\nyp\studio projects\y1s2\source\dm2122 prac\debug\wheel.obj
c:\users\matth\onedrive\documents\nyp\studio projects\y1s2\source\dm2122 prac\debug\weapon.obj
c:\users\matth\onedrive\documents\nyp\studio projects\y1s2\source\dm2122 prac\debug\vehicle.obj
c:\users\matth\onedrive\documents\nyp\studio projects\y1s2\source\dm2122 prac\debug\utility.obj
c:\users\matth\onedrive\documents\nyp\studio projects\y1s2\source\dm2122 prac\debug\dm2122 prac.tlog\cl.command.1.tlog
c:\users\matth\onedrive\documents\nyp\studio projects\y1s2\source\dm2122 prac\debug\dm2122 prac.tlog\cl.read.1.tlog
c:\users\matth\onedrive\documents\nyp\studio projects\y1s2\source\dm2122 prac\debug\dm2122 prac.tlog\cl.write.1.tlog
