  GameScene0.cpp
C:\Users\matth\OneDrive\Documents\NYP\Studio Projects\Y1S2\Source\DM2122 Prac\Source\GameScene0.cpp(454,78): warning C4244: 'argument': conversion from 'int' to 'float', possible loss of data
C:\Users\matth\OneDrive\Documents\NYP\Studio Projects\Y1S2\Source\DM2122 Prac\Source\GameScene0.cpp(454,83): warning C4305: 'argument': truncation from 'double' to 'float'
C:\Users\matth\OneDrive\Documents\NYP\Studio Projects\Y1S2\Source\DM2122 Prac\Source\GameScene0.cpp(454,43): warning C4244: 'argument': conversion from 'int' to 'float', possible loss of data
C:\Users\matth\OneDrive\Documents\NYP\Studio Projects\Y1S2\Source\DM2122 Prac\Source\GameScene0.cpp(455,54): warning C4305: 'argument': truncation from 'double' to 'float'
C:\Users\matth\OneDrive\Documents\NYP\Studio Projects\Y1S2\Source\DM2122 Prac\Source\GameScene0.cpp(468,77): warning C4244: '=': conversion from 'float' to 'int', possible loss of data
C:\Users\matth\OneDrive\Documents\NYP\Studio Projects\Y1S2\Source\DM2122 Prac\Source\GameScene0.cpp(470,96): warning C4244: 'argument': conversion from 'int' to 'float', possible loss of data
C:\Users\matth\OneDrive\Documents\NYP\Studio Projects\Y1S2\Source\DM2122 Prac\Source\GameScene0.cpp(470,72): warning C4244: 'argument': conversion from 'int' to 'float', possible loss of data
C:\Users\matth\OneDrive\Documents\NYP\Studio Projects\Y1S2\Source\DM2122 Prac\Source\GameScene0.cpp(612,94): warning C4244: '+=': conversion from 'double' to 'float', possible loss of data
C:\Users\matth\OneDrive\Documents\NYP\Studio Projects\Y1S2\Source\DM2122 Prac\Source\GameScene0.cpp(643,95): warning C4244: '-=': conversion from 'double' to 'float', possible loss of data
C:\Users\matth\OneDrive\Documents\NYP\Studio Projects\Y1S2\Source\DM2122 Prac\Source\GameScene0.cpp(662,52): warning C4244: '=': conversion from 'float' to 'int', possible loss of data
C:\Users\matth\OneDrive\Documents\NYP\Studio Projects\Y1S2\Source\DM2122 Prac\Source\GameScene0.cpp(672,93): warning C4244: '-=': conversion from 'double' to 'float', possible loss of data
C:\Users\matth\OneDrive\Documents\NYP\Studio Projects\Y1S2\Source\DM2122 Prac\Source\GameScene0.cpp(673,55): warning C4244: '+=': conversion from 'double' to 'float', possible loss of data
C:\Users\matth\OneDrive\Documents\NYP\Studio Projects\Y1S2\Source\DM2122 Prac\Source\GameScene0.cpp(677,54): warning C4244: 'argument': conversion from 'int' to 'float', possible loss of data
C:\Users\matth\OneDrive\Documents\NYP\Studio Projects\Y1S2\Source\DM2122 Prac\Source\GameScene0.cpp(689,70): warning C4244: 'argument': conversion from 'int' to 'float', possible loss of data
C:\Users\matth\OneDrive\Documents\NYP\Studio Projects\Y1S2\Source\DM2122 Prac\Source\GameScene0.cpp(689,46): warning C4244: 'argument': conversion from 'int' to 'float', possible loss of data
C:\Users\matth\OneDrive\Documents\NYP\Studio Projects\Y1S2\Source\DM2122 Prac\Source\GameScene0.cpp(706,41): warning C4244: '-=': conversion from 'double' to 'float', possible loss of data
C:\Users\matth\OneDrive\Documents\NYP\Studio Projects\Y1S2\Source\DM2122 Prac\Source\GameScene0.cpp(708,36): warning C4244: '+=': conversion from 'double' to 'float', possible loss of data
C:\Users\matth\OneDrive\Documents\NYP\Studio Projects\Y1S2\Source\DM2122 Prac\Source\GameScene0.cpp(712,44): warning C4244: '-=': conversion from 'double' to 'float', possible loss of data
C:\Users\matth\OneDrive\Documents\NYP\Studio Projects\Y1S2\Source\DM2122 Prac\Source\GameScene0.cpp(713,50): warning C4244: '-=': conversion from 'double' to 'float', possible loss of data
C:\Users\matth\OneDrive\Documents\NYP\Studio Projects\Y1S2\Source\DM2122 Prac\Source\GameScene0.cpp(717,21): warning C4018: '<': signed/unsigned mismatch
C:\Users\matth\OneDrive\Documents\NYP\Studio Projects\Y1S2\Source\DM2122 Prac\Source\GameScene0.cpp(737,45): warning C4244: '-=': conversion from 'float' to 'int', possible loss of data
C:\Users\matth\OneDrive\Documents\NYP\Studio Projects\Y1S2\Source\DM2122 Prac\Source\GameScene0.cpp(746,45): warning C4244: '-=': conversion from 'float' to 'int', possible loss of data
C:\Users\matth\OneDrive\Documents\NYP\Studio Projects\Y1S2\Source\DM2122 Prac\Source\GameScene0.cpp(755,45): warning C4244: '-=': conversion from 'float' to 'int', possible loss of data
C:\Users\matth\OneDrive\Documents\NYP\Studio Projects\Y1S2\Source\DM2122 Prac\Source\GameScene0.cpp(1006,110): warning C4244: 'argument': conversion from 'int' to 'float', possible loss of data
C:\Users\matth\OneDrive\Documents\NYP\Studio Projects\Y1S2\Source\DM2122 Prac\Source\GameScene0.cpp(1021,20): warning C4018: '<': signed/unsigned mismatch
C:\Users\matth\OneDrive\Documents\NYP\Studio Projects\Y1S2\Source\DM2122 Prac\Source\GameScene0.cpp(1053,22): warning C4018: '<': signed/unsigned mismatch
C:\Users\matth\OneDrive\Documents\NYP\Studio Projects\Y1S2\Source\DM2122 Prac\Source\GameScene0.cpp(1070,22): warning C4018: '<': signed/unsigned mismatch
C:\Users\matth\OneDrive\Documents\NYP\Studio Projects\Y1S2\Source\DM2122 Prac\Source\GameScene0.cpp(1204,61): warning C4244: 'argument': conversion from 'int' to 'float', possible loss of data
C:\Users\matth\OneDrive\Documents\NYP\Studio Projects\Y1S2\Source\DM2122 Prac\Source\GameScene0.cpp(1204,30): warning C4244: 'argument': conversion from 'int' to 'float', possible loss of data
C:\Users\matth\OneDrive\Documents\NYP\Studio Projects\Y1S2\Source\DM2122 Prac\Source\GameScene0.cpp(1204,19): warning C4244: 'argument': conversion from 'int' to 'float', possible loss of data
  DM2122 Prac.vcxproj -> C:\Users\matth\OneDrive\Documents\NYP\Studio Projects\Y1S2\Source\Debug\DM2122 Prac.exe
