c:\users\matth\onedrive\documents\nyp\studio projuects\y1s2\source\dm2122 prac\debug\vc142.pdb
c:\users\matth\onedrive\documents\nyp\studio projuects\y1s2\source\dm2122 prac\debug\vc142.idb
c:\users\matth\onedrive\documents\nyp\studio projuects\y1s2\source\dm2122 prac\debug\utility.obj
c:\users\matth\onedrive\documents\nyp\studio projuects\y1s2\source\dm2122 prac\debug\shader.obj
c:\users\matth\onedrive\documents\nyp\studio projuects\y1s2\source\dm2122 prac\debug\testscene.obj
c:\users\matth\onedrive\documents\nyp\studio projuects\y1s2\source\dm2122 prac\debug\meshbuilder.obj
c:\users\matth\onedrive\documents\nyp\studio projuects\y1s2\source\dm2122 prac\debug\mesh.obj
c:\users\matth\onedrive\documents\nyp\studio projuects\y1s2\source\dm2122 prac\debug\main.obj
c:\users\matth\onedrive\documents\nyp\studio projuects\y1s2\source\dm2122 prac\debug\loadtga.obj
c:\users\matth\onedrive\documents\nyp\studio projuects\y1s2\source\dm2122 prac\debug\loadobj.obj
c:\users\matth\onedrive\documents\nyp\studio projuects\y1s2\source\dm2122 prac\debug\camera.obj
c:\users\matth\onedrive\documents\nyp\studio projuects\y1s2\source\dm2122 prac\debug\application.obj
c:\users\matth\onedrive\documents\nyp\studio projuects\y1s2\source\debug\dm2122 prac.exe
c:\users\matth\onedrive\documents\nyp\studio projuects\y1s2\source\debug\dm2122 prac.ilk
c:\users\matth\onedrive\documents\nyp\studio projuects\y1s2\source\debug\dm2122 prac.pdb
c:\users\matth\onedrive\documents\nyp\studio projuects\y1s2\source\dm2122 prac\debug\dm2122 prac.tlog\cl.command.1.tlog
c:\users\matth\onedrive\documents\nyp\studio projuects\y1s2\source\dm2122 prac\debug\dm2122 prac.tlog\cl.read.1.tlog
c:\users\matth\onedrive\documents\nyp\studio projuects\y1s2\source\dm2122 prac\debug\dm2122 prac.tlog\cl.write.1.tlog
c:\users\matth\onedrive\documents\nyp\studio projuects\y1s2\source\dm2122 prac\debug\dm2122 prac.tlog\link.command.1.tlog
c:\users\matth\onedrive\documents\nyp\studio projuects\y1s2\source\dm2122 prac\debug\dm2122 prac.tlog\link.read.1.tlog
c:\users\matth\onedrive\documents\nyp\studio projuects\y1s2\source\dm2122 prac\debug\dm2122 prac.tlog\link.write.1.tlog
